#
# There is insufficient memory for the Java Runtime Environment to continue.
# Native memory allocation (mmap) failed to map 104857600 bytes for G1 virtual space
# Possible reasons:
#   The system is out of physical RAM or swap space
#   The process is running with CompressedOops enabled, and the Java Heap may be blocking the growth of the native heap
# Possible solutions:
#   Reduce memory load on the system
#   Increase physical memory or swap space
#   Check if swap backing store is full
#   Decrease Java heap size (-Xmx/-Xms)
#   Decrease number of Java threads
#   Decrease Java thread stack sizes (-Xss)
#   Set larger code cache with -XX:ReservedCodeCacheSize=
#   JVM is running with Zero Based Compressed Oops mode in which the Java heap is
#     placed in the first 32GB address space. The Java Heap base address is the
#     maximum limit for the native heap growth. Please use -XX:HeapBaseMinAddress
#     to set the Java Heap base and to place the Java Heap above 32GB virtual address.
# This output file may be truncated or incomplete.
#
#  Out of Memory Error (os_windows.cpp:3548), pid=13372, tid=13488
#
# JRE version: Java(TM) SE Runtime Environment (17.0.12+8) (build 17.0.12+8-LTS-286)
# Java VM: Java HotSpot(TM) 64-Bit Server VM (17.0.12+8-LTS-286, mixed mode, sharing, tiered, compressed oops, compressed class ptrs, g1 gc, windows-amd64)
# No core dump will be written. Minidumps are not enabled by default on client versions of Windows
#

---------------  S U M M A R Y ------------

Command Line: -javaagent:C:\Users\mamro\AppData\Local\JetBrains\IdeaIC2025.1\captureAgent\debugger-agent.jar=file:///C:/Users/mamro/AppData/Local/Temp/capture9867643890261157438.props -ea -Didea.test.cyclic.buffer.size=1048576 -javaagent:C:\Program Files\JetBrains\IntelliJ IDEA Community Edition 2025.1.3\lib\idea_rt.jar=61513 -Dkotlinx.coroutines.debug.enable.creation.stack.trace=false -Ddebugger.agent.enable.coroutines=true -Dkotlinx.coroutines.debug.enable.flows.stack.trace=true -Dkotlinx.coroutines.debug.enable.mutable.state.flows.stack.trace=true -Dfile.encoding=UTF-8 com.intellij.rt.junit.JUnitStarter -ideVersion5 -junit5 @w@C:\Users\mamro\AppData\Local\Temp\idea_working_dirs_junit.tmp @C:\Users\mamro\AppData\Local\Temp\idea_junit.tmp -socket61512

Host: AMD Ryzen 5 5500U with Radeon Graphics         , 12 cores, 15G,  Windows 11 , 64 bit Build 26100 (10.0.26100.6725)
Time: Sun Oct 19 21:50:45 2025 RTZ 2 (s 11 , 64 bit Build 26100 (10.0.26100.6725) elapsed time: 18.251038 seconds (0d 0h 0m 18s)

---------------  T H R E A D  ---------------

Current thread (0x0000029cda042820):  VMThread "VM Thread" [stack: 0x000000d31b800000,0x000000d31b900000] [id=13488]

Stack: [0x000000d31b800000,0x000000d31b900000]
Native frames: (J=compiled Java code, j=interpreted, Vv=VM code, C=native code)
V  [jvm.dll+0x67a04a]
V  [jvm.dll+0x7da4ed]
V  [jvm.dll+0x7dbe33]
V  [jvm.dll+0x7dc4a3]
V  [jvm.dll+0x24508f]
V  [jvm.dll+0x677089]
V  [jvm.dll+0x66bd32]
V  [jvm.dll+0x301fa6]
V  [jvm.dll+0x309546]
V  [jvm.dll+0x359d2e]
V  [jvm.dll+0x359f5f]
V  [jvm.dll+0x2d9078]
V  [jvm.dll+0x2d74ad]
V  [jvm.dll+0x2d6afc]
V  [jvm.dll+0x31a65b]
V  [jvm.dll+0x7e0d9b]
V  [jvm.dll+0x7e1ad4]
V  [jvm.dll+0x7e1fed]
V  [jvm.dll+0x7e23c4]
V  [jvm.dll+0x7e2490]
V  [jvm.dll+0x78abea]
V  [jvm.dll+0x678f35]
C  [ucrtbase.dll+0x37b0]
C  [KERNEL32.DLL+0x2e8d7]
C  [ntdll.dll+0x8c53c]

VM_Operation (0x000000d31b2f8d40): G1CollectForAllocation, mode: safepoint, requested by thread 0x0000029cf0d8bca0


---------------  P R O C E S S  ---------------

Threads class SMR info:
_java_thread_list=0x0000029cde234970, length=32, elements={
0x0000029cf0d8bca0, 0x0000029cda043ae0, 0x0000029cff4ca0c0, 0x0000029cda055560,
0x0000029cda055e50, 0x0000029cda056330, 0x0000029cda05a820, 0x0000029cda05ebc0,
0x0000029cda067300, 0x0000029cda087830, 0x0000029cff4aa730, 0x0000029cda274530,
0x0000029cda46b5a0, 0x0000029cda46c2c0, 0x0000029cda90d550, 0x0000029cda911210,
0x0000029cda90f3b0, 0x0000029cda90da60, 0x0000029cda90f8c0, 0x0000029cda90df70,
0x0000029cda911720, 0x0000029cda90e480, 0x0000029cda911c30, 0x0000029cda912650,
0x0000029cda913580, 0x0000029cda913fa0, 0x0000029cda913a90, 0x0000029cdd888b70,
0x0000029cdd888660, 0x0000029cdd888150, 0x0000029cdd885de0, 0x0000029cda18c870
}

Java Threads: ( => current thread )
  0x0000029cf0d8bca0 JavaThread "main" [_thread_blocked, id=11500, stack(0x000000d31b200000,0x000000d31b300000)]
  0x0000029cda043ae0 JavaThread "Reference Handler" daemon [_thread_blocked, id=9356, stack(0x000000d31b900000,0x000000d31ba00000)]
  0x0000029cff4ca0c0 JavaThread "Finalizer" daemon [_thread_blocked, id=9132, stack(0x000000d31ba00000,0x000000d31bb00000)]
  0x0000029cda055560 JavaThread "Signal Dispatcher" daemon [_thread_blocked, id=14592, stack(0x000000d31bb00000,0x000000d31bc00000)]
  0x0000029cda055e50 JavaThread "Attach Listener" daemon [_thread_blocked, id=3484, stack(0x000000d31bc00000,0x000000d31bd00000)]
  0x0000029cda056330 JavaThread "Service Thread" daemon [_thread_blocked, id=416, stack(0x000000d31bd00000,0x000000d31be00000)]
  0x0000029cda05a820 JavaThread "Monitor Deflation Thread" daemon [_thread_blocked, id=19004, stack(0x000000d31be00000,0x000000d31bf00000)]
  0x0000029cda05ebc0 JavaThread "C2 CompilerThread0" daemon [_thread_blocked, id=11056, stack(0x000000d31bf00000,0x000000d31c000000)]
  0x0000029cda067300 JavaThread "C1 CompilerThread0" daemon [_thread_blocked, id=14796, stack(0x000000d31c000000,0x000000d31c100000)]
  0x0000029cda087830 JavaThread "Sweeper thread" daemon [_thread_blocked, id=4132, stack(0x000000d31c100000,0x000000d31c200000)]
  0x0000029cff4aa730 JavaThread "Common-Cleaner" daemon [_thread_blocked, id=10604, stack(0x000000d31c200000,0x000000d31c300000)]
  0x0000029cda274530 JavaThread "IntelliJ Suspend Helper" daemon [_thread_blocked, id=1604, stack(0x000000d31c400000,0x000000d31c500000)]
  0x0000029cda46b5a0 JavaThread "Monitor Ctrl-Break" daemon [_thread_in_native, id=18372, stack(0x000000d31c500000,0x000000d31c600000)]
  0x0000029cda46c2c0 JavaThread "Notification Thread" daemon [_thread_blocked, id=10676, stack(0x000000d31c600000,0x000000d31c700000)]
  0x0000029cda90d550 JavaThread "Thread-0" daemon [_thread_in_native, id=5544, stack(0x000000d31d500000,0x000000d31d600000)]
  0x0000029cda911210 JavaThread "Thread-1" daemon [_thread_in_native, id=15828, stack(0x000000d31d600000,0x000000d31d700000)]
  0x0000029cda90f3b0 JavaThread "Thread-2" daemon [_thread_in_native, id=18264, stack(0x000000d31d700000,0x000000d31d800000)]
  0x0000029cda90da60 JavaThread "Thread-3" daemon [_thread_in_native, id=8088, stack(0x000000d31d800000,0x000000d31d900000)]
  0x0000029cda90f8c0 JavaThread "Thread-4" daemon [_thread_in_native, id=13364, stack(0x000000d31d900000,0x000000d31da00000)]
  0x0000029cda90df70 JavaThread "Thread-5" daemon [_thread_in_native, id=17628, stack(0x000000d31da00000,0x000000d31db00000)]
  0x0000029cda911720 JavaThread "Thread-6" daemon [_thread_in_native, id=11464, stack(0x000000d31db00000,0x000000d31dc00000)]
  0x0000029cda90e480 JavaThread "Thread-7" daemon [_thread_in_native, id=13840, stack(0x000000d31dc00000,0x000000d31dd00000)]
  0x0000029cda911c30 JavaThread "Thread-8" daemon [_thread_in_native, id=15328, stack(0x000000d31dd00000,0x000000d31de00000)]
  0x0000029cda912650 JavaThread "Thread-9" daemon [_thread_in_native, id=19172, stack(0x000000d31de00000,0x000000d31df00000)]
  0x0000029cda913580 JavaThread "Thread-10" daemon [_thread_in_native, id=2600, stack(0x000000d31df00000,0x000000d31e000000)]
  0x0000029cda913fa0 JavaThread "Thread-11" daemon [_thread_in_native, id=8288, stack(0x000000d31e000000,0x000000d31e100000)]
  0x0000029cda913a90 JavaThread "Thread-12" daemon [_thread_in_native, id=13540, stack(0x000000d31e100000,0x000000d31e200000)]
  0x0000029cdd888b70 JavaThread "Thread-16" daemon [_thread_blocked, id=19796, stack(0x000000d31d400000,0x000000d31d500000)]
  0x0000029cdd888660 JavaThread "Thread-17" daemon [_thread_blocked, id=21604, stack(0x000000d31e200000,0x000000d31e300000)]
  0x0000029cdd888150 JavaThread "testcontainers-ryuk" daemon [_thread_blocked, id=18304, stack(0x000000d31d200000,0x000000d31d300000)]
  0x0000029cdd885de0 JavaThread "Hibernate Connection Pool Validation Thread" daemon [_thread_blocked, id=14828, stack(0x000000d31e400000,0x000000d31e500000)]
  0x0000029cda18c870 JavaThread "C2 CompilerThread1" daemon [_thread_blocked, id=11872, stack(0x000000d31e300000,0x000000d31e400000)]

Other Threads:
=>0x0000029cda042820 VMThread "VM Thread" [stack: 0x000000d31b800000,0x000000d31b900000] [id=13488]
  0x0000029cf0e19b20 WatcherThread [stack: 0x000000d31c700000,0x000000d31c800000] [id=2440]
  0x0000029cf0df7e60 GCTaskThread "GC Thread#0" [stack: 0x000000d31b300000,0x000000d31b400000] [id=3196]
  0x0000029cda87f600 GCTaskThread "GC Thread#1" [stack: 0x000000d31c900000,0x000000d31ca00000] [id=4576]
  0x0000029cda87f8c0 GCTaskThread "GC Thread#2" [stack: 0x000000d31ca00000,0x000000d31cb00000] [id=20832]
  0x0000029cda8803c0 GCTaskThread "GC Thread#3" [stack: 0x000000d31cb00000,0x000000d31cc00000] [id=11560]
  0x0000029cda880940 GCTaskThread "GC Thread#4" [stack: 0x000000d31cc00000,0x000000d31cd00000] [id=14408]
  0x0000029cda87fb80 GCTaskThread "GC Thread#5" [stack: 0x000000d31cd00000,0x000000d31ce00000] [id=12956]
  0x0000029cdaf0c8a0 GCTaskThread "GC Thread#6" [stack: 0x000000d31c800000,0x000000d31c900000] [id=16708]
  0x0000029cdaf0cb60 GCTaskThread "GC Thread#7" [stack: 0x000000d31ce00000,0x000000d31cf00000] [id=16340]
  0x0000029cdaf0ec60 GCTaskThread "GC Thread#8" [stack: 0x000000d31cf00000,0x000000d31d000000] [id=13176]
  0x0000029cdaf0c5e0 GCTaskThread "GC Thread#9" [stack: 0x000000d31d000000,0x000000d31d100000] [id=764]
  0x0000029cf0e097b0 ConcurrentGCThread "G1 Main Marker" [stack: 0x000000d31b400000,0x000000d31b500000] [id=13560]
  0x0000029cf0e0baf0 ConcurrentGCThread "G1 Conc#0" [stack: 0x000000d31b500000,0x000000d31b600000] [id=20508]
  0x0000029cda880680 ConcurrentGCThread "G1 Conc#1" [stack: 0x000000d31c300000,0x000000d31c400000] [id=4476]
  0x0000029cdc7293a0 ConcurrentGCThread "G1 Conc#2" [stack: 0x000000d31d100000,0x000000d31d200000] [id=5452]
  0x0000029cff373190 ConcurrentGCThread "G1 Refine#0" [stack: 0x000000d31b600000,0x000000d31b700000] [id=21356]
  0x0000029cff373480 ConcurrentGCThread "G1 Service" [stack: 0x000000d31b700000,0x000000d31b800000] [id=14540]

Threads with active compile tasks:
C2 CompilerThread0    18274 3918       4       sun.net.util.URLUtil::urlNoFragString (114 bytes)

VM state: at safepoint (normal execution)

VM Mutex/Monitor currently owned by a thread:  ([mutex/lock_event])
[0x0000029cf0d888b0] Threads_lock - owner thread: 0x0000029cda042820
[0x0000029cf0d87d70] Heap_lock - owner thread: 0x0000029cf0d8bca0

Heap address: 0x000000070a800000, size: 3928 MB, Compressed Oops mode: Zero based, Oop shift amount: 3

CDS archive(s) mapped at: [0x0000029c95000000-0x0000029c95bd0000-0x0000029c95bd0000), size 12386304, SharedBaseAddress: 0x0000029c95000000, ArchiveRelocationMode: 1.
Compressed class space mapped at: 0x0000029c96000000-0x0000029cd6000000, reserved size: 1073741824
Narrow klass base: 0x0000029c95000000, Narrow klass shift: 0, Narrow klass range: 0x100000000

GC Precious Log:
 CPUs: 12 total, 12 available
 Memory: 15706M
 Large Page Support: Disabled
 NUMA Support: Disabled
 Compressed Oops: Enabled (Zero based)
 Heap Region Size: 2M
 Heap Min Capacity: 8M
 Heap Initial Capacity: 246M
 Heap Max Capacity: 3928M
 Pre-touch: Disabled
 Parallel Workers: 10
 Concurrent Workers: 3
 Concurrent Refinement Workers: 10
 Periodic GC: Disabled

Heap:
 garbage-first heap   total 49152K, used 18367K [0x000000070a800000, 0x0000000800000000)
  region size 2048K, 1 young (2048K), 1 survivors (2048K)
 Metaspace       used 50149K, committed 50432K, reserved 1114112K
  class space    used 6535K, committed 6656K, reserved 1048576K

Heap Regions: E=young(eden), S=young(survivor), O=old, HS=humongous(starts), HC=humongous(continues), CS=collection set, F=free, OA=open archive, CA=closed archive, TAMS=top-at-mark-start (previous, next)
|   0|0x000000070a800000, 0x000000070aa00000, 0x000000070aa00000|100%|HS|  |TAMS 0x000000070aa00000, 0x000000070a800000| Complete 
|   1|0x000000070aa00000, 0x000000070ac00000, 0x000000070ac00000|100%| O|  |TAMS 0x000000070ac00000, 0x000000070aa00000| Untracked 
|   2|0x000000070ac00000, 0x000000070ae00000, 0x000000070ae00000|100%| O|  |TAMS 0x000000070ae00000, 0x000000070ac00000| Untracked 
|   3|0x000000070ae00000, 0x000000070b000000, 0x000000070b000000|100%| O|  |TAMS 0x000000070ae00000, 0x000000070ae00000| Untracked 
|   4|0x000000070b000000, 0x000000070b200000, 0x000000070b200000|100%| O|  |TAMS 0x000000070b200000, 0x000000070b000000| Untracked 
|   5|0x000000070b200000, 0x000000070b400000, 0x000000070b400000|100%| O|  |TAMS 0x000000070b400000, 0x000000070b200000| Untracked 
|   6|0x000000070b400000, 0x000000070b600000, 0x000000070b600000|100%| O|  |TAMS 0x000000070b599c00, 0x000000070b400000| Untracked 
|   7|0x000000070b600000, 0x000000070b800000, 0x000000070b800000|100%| O|  |TAMS 0x000000070b600000, 0x000000070b600000| Untracked 
|   8|0x000000070b800000, 0x000000070b883200, 0x000000070ba00000| 25%| O|  |TAMS 0x000000070b800000, 0x000000070b800000| Untracked 
|   9|0x000000070ba00000, 0x000000070ba00000, 0x000000070bc00000|  0%| F|  |TAMS 0x000000070ba00000, 0x000000070ba00000| Untracked 
|  10|0x000000070bc00000, 0x000000070bc00000, 0x000000070be00000|  0%| F|  |TAMS 0x000000070bc00000, 0x000000070bc00000| Untracked 
|  11|0x000000070be00000, 0x000000070be00000, 0x000000070c000000|  0%| F|  |TAMS 0x000000070be00000, 0x000000070be00000| Untracked 
|  12|0x000000070c000000, 0x000000070c000000, 0x000000070c200000|  0%| F|  |TAMS 0x000000070c000000, 0x000000070c000000| Untracked 
|  13|0x000000070c200000, 0x000000070c200000, 0x000000070c400000|  0%| F|  |TAMS 0x000000070c200000, 0x000000070c200000| Untracked 
|  14|0x000000070c400000, 0x000000070c400000, 0x000000070c600000|  0%| F|  |TAMS 0x000000070c400000, 0x000000070c400000| Untracked 
|  15|0x000000070c600000, 0x000000070c76caf0, 0x000000070c800000| 71%| S|CS|TAMS 0x000000070c600000, 0x000000070c600000| Complete 
|  16|0x000000070c800000, 0x000000070c800000, 0x000000070ca00000|  0%| F|  |TAMS 0x000000070c800000, 0x000000070c800000| Untracked 
|  17|0x000000070ca00000, 0x000000070ca00000, 0x000000070cc00000|  0%| F|  |TAMS 0x000000070ca00000, 0x000000070ca00000| Untracked 
|  18|0x000000070cc00000, 0x000000070cc00000, 0x000000070ce00000|  0%| F|  |TAMS 0x000000070cc00000, 0x000000070cc00000| Untracked 
|  19|0x000000070ce00000, 0x000000070ce00000, 0x000000070d000000|  0%| F|  |TAMS 0x000000070ce00000, 0x000000070ce00000| Untracked 
|  20|0x000000070d000000, 0x000000070d000000, 0x000000070d200000|  0%| F|  |TAMS 0x000000070d000000, 0x000000070d000000| Untracked 
| 110|0x0000000718400000, 0x0000000718400000, 0x0000000718600000|  0%| F|  |TAMS 0x0000000718400000, 0x0000000718400000| Untracked 
| 111|0x0000000718600000, 0x0000000718600000, 0x0000000718800000|  0%| F|  |TAMS 0x0000000718600000, 0x0000000718600000| Untracked 
| 122|0x0000000719c00000, 0x0000000719c00000, 0x0000000719e00000|  0%| F|  |TAMS 0x0000000719c00000, 0x0000000719c00000| Untracked 

Card table byte_map: [0x0000029cf9b60000,0x0000029cfa310000] _byte_map_base: 0x0000029cf630c000

Marking Bits (Prev, Next): (CMBitMap*) 0x0000029cf0df97a0, (CMBitMap*) 0x0000029cf0df97e0
 Prev Bits: [0x0000029cfaac0000, 0x0000029cfe820000)
 Next Bits: [0x0000029c8f000000, 0x0000029c92d60000)

Polling page: 0x0000029cf0e50000

Metaspace:

Usage:
  Non-class:     42.59 MB used.
      Class:      6.38 MB used.
       Both:     48.97 MB used.

Virtual space:
  Non-class space:       64.00 MB reserved,      42.75 MB ( 67%) committed,  1 nodes.
      Class space:        1.00 GB reserved,       6.50 MB ( <1%) committed,  1 nodes.
             Both:        1.06 GB reserved,      49.25 MB (  5%) committed. 

Chunk freelists:
   Non-Class:  4.88 MB
       Class:  9.33 MB
        Both:  14.20 MB

MaxMetaspaceSize: unlimited
CompressedClassSpaceSize: 1.00 GB
Initial GC threshold: 21.00 MB
Current GC threshold: 58.75 MB
CDS: on
MetaspaceReclaimPolicy: balanced
 - commit_granule_bytes: 65536.
 - commit_granule_words: 8192.
 - virtual_space_node_default_size: 8388608.
 - enlarge_chunks_in_place: 1.
 - new_chunks_are_fully_committed: 0.
 - uncommit_free_chunks: 1.
 - use_allocation_guard: 0.
 - handle_deallocations: 1.


Internal statistics:

num_allocs_failed_limit: 6.
num_arena_births: 320.
num_arena_deaths: 2.
num_vsnodes_births: 2.
num_vsnodes_deaths: 0.
num_space_committed: 788.
num_space_uncommitted: 0.
num_chunks_returned_to_freelist: 9.
num_chunks_taken_from_freelist: 1786.
num_chunk_merges: 3.
num_chunk_splits: 1265.
num_chunks_enlarged: 997.
num_inconsistent_stats: 0.

CodeHeap 'non-profiled nmethods': size=120000Kb used=2097Kb max_used=2097Kb free=117902Kb
 bounds [0x0000029c87ad0000, 0x0000029c87d40000, 0x0000029c8f000000]
CodeHeap 'profiled nmethods': size=120000Kb used=7933Kb max_used=7933Kb free=112067Kb
 bounds [0x0000029c80000000, 0x0000029c807c0000, 0x0000029c87530000]
CodeHeap 'non-nmethods': size=5760Kb used=1313Kb max_used=1351Kb free=4447Kb
 bounds [0x0000029c87530000, 0x0000029c877a0000, 0x0000029c87ad0000]
 total_blobs=4563 nmethods=3919 adapters=556
 compilation: enabled
              stopped_count=0, restarted_count=0
 full_count=0

Compilation events (20 events):
Event: 17.156 Thread 0x0000029cda067300 3913       3       org.apache.logging.log4j.core.selector.ClassLoaderContextSelector::toContextMapKey (8 bytes)
Event: 17.157 Thread 0x0000029cda067300 nmethod 3913 0x0000029c807b3c90 code [0x0000029c807b3e40, 0x0000029c807b4018]
Event: 17.159 Thread 0x0000029cda067300 3914       3       org.apache.logging.log4j.core.selector.ClassLoaderContextSelector::getContext (11 bytes)
Event: 17.160 Thread 0x0000029cda067300 nmethod 3914 0x0000029c807b4110 code [0x0000029c807b42c0, 0x0000029c807b4428]
Event: 17.160 Thread 0x0000029cda067300 3916       3       org.apache.logging.log4j.core.selector.ClassLoaderContextSelector::locateContext (395 bytes)
Event: 17.163 Thread 0x0000029cda05ebc0 3917       4       java.util.ArrayDeque::add (7 bytes)
Event: 17.163 Thread 0x0000029cda067300 nmethod 3916 0x0000029c807b4510 code [0x0000029c807b4c80, 0x0000029c807ba1d8]
Event: 17.164 Thread 0x0000029cda067300 3915       3       org.apache.logging.log4j.core.selector.ClassLoaderContextSelector::getContext (90 bytes)
Event: 17.165 Thread 0x0000029cda067300 nmethod 3915 0x0000029c807bb990 code [0x0000029c807bbcc0, 0x0000029c807bd048]
Event: 17.165 Thread 0x0000029cda05ebc0 nmethod 3917 0x0000029c87cd8c90 code [0x0000029c87cd8e20, 0x0000029c87cd9038]
Event: 17.167 Thread 0x0000029cda05ebc0 3918       4       sun.net.util.URLUtil::urlNoFragString (114 bytes)
Event: 17.168 Thread 0x0000029cda18c870 nmethod 3909 0x0000029c87cd9190 code [0x0000029c87cd93a0, 0x0000029c87cdb6f0]
Event: 17.182 Thread 0x0000029cda18c870 3919       4       java.util.Arrays::hashCode (56 bytes)
Event: 17.183 Thread 0x0000029cda067300 3920       3       java.lang.StackWalker::walk (14 bytes)
Event: 17.184 Thread 0x0000029cda067300 nmethod 3920 0x0000029c807bd690 code [0x0000029c807bd8e0, 0x0000029c807be1a8]
Event: 17.184 Thread 0x0000029cda18c870 nmethod 3919 0x0000029c87cdc210 code [0x0000029c87cdc3a0, 0x0000029c87cdc4f8]
Event: 17.184 Thread 0x0000029cda067300 3921       3       java.lang.StackStreamFactory::makeStackTraverser (27 bytes)
Event: 17.184 Thread 0x0000029cda067300 nmethod 3921 0x0000029c807be510 code [0x0000029c807be700, 0x0000029c807bebf8]
Event: 17.184 Thread 0x0000029cda067300 3922       3       java.lang.StackStreamFactory$AbstractStackWalker::doStackWalk (82 bytes)
Event: 17.185 Thread 0x0000029cda067300 nmethod 3922 0x0000029c807bee10 code [0x0000029c807befe0, 0x0000029c807bf238]

GC Heap History (20 events):
Event: 1.230 GC heap after
{Heap after GC invocations=1 (full 0):
 garbage-first heap   total 251904K, used 6464K [0x000000070a800000, 0x0000000800000000)
  region size 2048K, 2 young (4096K), 2 survivors (4096K)
 Metaspace       used 7456K, committed 7616K, reserved 1114112K
  class space    used 806K, committed 896K, reserved 1048576K
}
Event: 2.285 GC heap before
{Heap before GC invocations=1 (full 0):
 garbage-first heap   total 251904K, used 35136K [0x000000070a800000, 0x0000000800000000)
  region size 2048K, 16 young (32768K), 2 survivors (4096K)
 Metaspace       used 15113K, committed 15360K, reserved 1114112K
  class space    used 1817K, committed 1920K, reserved 1048576K
}
Event: 2.292 GC heap after
{Heap after GC invocations=2 (full 0):
 garbage-first heap   total 251904K, used 8982K [0x000000070a800000, 0x0000000800000000)
  region size 2048K, 2 young (4096K), 2 survivors (4096K)
 Metaspace       used 15113K, committed 15360K, reserved 1114112K
  class space    used 1817K, committed 1920K, reserved 1048576K
}
Event: 3.139 GC heap before
{Heap before GC invocations=2 (full 0):
 garbage-first heap   total 251904K, used 29462K [0x000000070a800000, 0x0000000800000000)
  region size 2048K, 13 young (26624K), 2 survivors (4096K)
 Metaspace       used 21291K, committed 21504K, reserved 1114112K
  class space    used 2645K, committed 2752K, reserved 1048576K
}
Event: 3.144 GC heap after
{Heap after GC invocations=3 (full 0):
 garbage-first heap   total 251904K, used 10224K [0x000000070a800000, 0x0000000800000000)
  region size 2048K, 2 young (4096K), 2 survivors (4096K)
 Metaspace       used 21291K, committed 21504K, reserved 1114112K
  class space    used 2645K, committed 2752K, reserved 1048576K
}
Event: 4.315 GC heap before
{Heap before GC invocations=4 (full 0):
 garbage-first heap   total 49152K, used 34800K [0x000000070a800000, 0x0000000800000000)
  region size 2048K, 14 young (28672K), 2 survivors (4096K)
 Metaspace       used 29012K, committed 29248K, reserved 1114112K
  class space    used 3734K, committed 3840K, reserved 1048576K
}
Event: 4.323 GC heap after
{Heap after GC invocations=5 (full 0):
 garbage-first heap   total 49152K, used 12041K [0x000000070a800000, 0x0000000800000000)
  region size 2048K, 2 young (4096K), 2 survivors (4096K)
 Metaspace       used 29012K, committed 29248K, reserved 1114112K
  class space    used 3734K, committed 3840K, reserved 1048576K
}
Event: 4.447 GC heap before
{Heap before GC invocations=5 (full 0):
 garbage-first heap   total 49152K, used 14089K [0x000000070a800000, 0x0000000800000000)
  region size 2048K, 3 young (6144K), 2 survivors (4096K)
 Metaspace       used 29382K, committed 29632K, reserved 1114112K
  class space    used 3795K, committed 3904K, reserved 1048576K
}
Event: 4.453 GC heap after
{Heap after GC invocations=6 (full 0):
 garbage-first heap   total 49152K, used 12485K [0x000000070a800000, 0x0000000800000000)
  region size 2048K, 1 young (2048K), 1 survivors (2048K)
 Metaspace       used 29382K, committed 29632K, reserved 1114112K
  class space    used 3795K, committed 3904K, reserved 1048576K
}
Event: 9.017 GC heap before
{Heap before GC invocations=6 (full 0):
 garbage-first heap   total 49152K, used 30917K [0x000000070a800000, 0x0000000800000000)
  region size 2048K, 11 young (22528K), 1 survivors (2048K)
 Metaspace       used 33210K, committed 33472K, reserved 1114112K
  class space    used 4234K, committed 4352K, reserved 1048576K
}
Event: 9.022 GC heap after
{Heap after GC invocations=7 (full 0):
 garbage-first heap   total 49152K, used 12995K [0x000000070a800000, 0x0000000800000000)
  region size 2048K, 1 young (2048K), 1 survivors (2048K)
 Metaspace       used 33210K, committed 33472K, reserved 1114112K
  class space    used 4234K, committed 4352K, reserved 1048576K
}
Event: 9.401 GC heap before
{Heap before GC invocations=7 (full 0):
 garbage-first heap   total 49152K, used 25283K [0x000000070a800000, 0x0000000800000000)
  region size 2048K, 8 young (16384K), 1 survivors (2048K)
 Metaspace       used 35759K, committed 35968K, reserved 1114112K
  class space    used 4559K, committed 4672K, reserved 1048576K
}
Event: 9.405 GC heap after
{Heap after GC invocations=8 (full 0):
 garbage-first heap   total 49152K, used 13404K [0x000000070a800000, 0x0000000800000000)
  region size 2048K, 1 young (2048K), 1 survivors (2048K)
 Metaspace       used 35759K, committed 35968K, reserved 1114112K
  class space    used 4559K, committed 4672K, reserved 1048576K
}
Event: 10.372 GC heap before
{Heap before GC invocations=9 (full 0):
 garbage-first heap   total 49152K, used 35932K [0x000000070a800000, 0x0000000800000000)
  region size 2048K, 12 young (24576K), 1 survivors (2048K)
 Metaspace       used 39089K, committed 39424K, reserved 1114112K
  class space    used 5039K, committed 5184K, reserved 1048576K
}
Event: 10.376 GC heap after
{Heap after GC invocations=10 (full 0):
 garbage-first heap   total 49152K, used 14625K [0x000000070a800000, 0x0000000800000000)
  region size 2048K, 2 young (4096K), 2 survivors (4096K)
 Metaspace       used 39089K, committed 39424K, reserved 1114112K
  class space    used 5039K, committed 5184K, reserved 1048576K
}
Event: 16.114 GC heap before
{Heap before GC invocations=10 (full 0):
 garbage-first heap   total 49152K, used 35105K [0x000000070a800000, 0x0000000800000000)
  region size 2048K, 12 young (24576K), 2 survivors (4096K)
 Metaspace       used 42246K, committed 42560K, reserved 1114112K
  class space    used 5401K, committed 5568K, reserved 1048576K
}
Event: 16.125 GC heap after
{Heap after GC invocations=11 (full 0):
 garbage-first heap   total 49152K, used 16944K [0x000000070a800000, 0x0000000800000000)
  region size 2048K, 2 young (4096K), 2 survivors (4096K)
 Metaspace       used 42246K, committed 42560K, reserved 1114112K
  class space    used 5401K, committed 5568K, reserved 1048576K
}
Event: 16.713 GC heap before
{Heap before GC invocations=11 (full 0):
 garbage-first heap   total 49152K, used 33328K [0x000000070a800000, 0x0000000800000000)
  region size 2048K, 11 young (22528K), 2 survivors (4096K)
 Metaspace       used 46683K, committed 46976K, reserved 1114112K
  class space    used 6018K, committed 6144K, reserved 1048576K
}
Event: 16.720 GC heap after
{Heap after GC invocations=12 (full 0):
 garbage-first heap   total 49152K, used 17984K [0x000000070a800000, 0x0000000800000000)
  region size 2048K, 1 young (2048K), 1 survivors (2048K)
 Metaspace       used 46683K, committed 46976K, reserved 1114112K
  class space    used 6018K, committed 6144K, reserved 1048576K
}
Event: 17.187 GC heap before
{Heap before GC invocations=12 (full 0):
 garbage-first heap   total 49152K, used 32320K [0x000000070a800000, 0x0000000800000000)
  region size 2048K, 9 young (18432K), 1 survivors (2048K)
 Metaspace       used 50149K, committed 50432K, reserved 1114112K
  class space    used 6535K, committed 6656K, reserved 1048576K
}

Deoptimization events (20 events):
Event: 16.306 Thread 0x0000029cf0d8bca0 DEOPT PACKING pc=0x0000029c87bdab08 sp=0x000000d31b2fc360
Event: 16.306 Thread 0x0000029cf0d8bca0 DEOPT UNPACKING pc=0x0000029c875823a3 sp=0x000000d31b2fc250 mode 2
Event: 16.306 Thread 0x0000029cf0d8bca0 Uncommon trap: trap_request=0xffffff45 fr.pc=0x0000029c87bb58f4 relative=0x0000000000000074
Event: 16.306 Thread 0x0000029cf0d8bca0 Uncommon trap: reason=unstable_if action=reinterpret pc=0x0000029c87bb58f4 method=jdk.internal.misc.Unsafe.convEndian(ZI)I @ 4 c2
Event: 16.306 Thread 0x0000029cf0d8bca0 DEOPT PACKING pc=0x0000029c87bb58f4 sp=0x000000d31b2fc2b0
Event: 16.306 Thread 0x0000029cf0d8bca0 DEOPT UNPACKING pc=0x0000029c875823a3 sp=0x000000d31b2fc1b8 mode 2
Event: 17.059 Thread 0x0000029cf0d8bca0 Uncommon trap: trap_request=0xffffffde fr.pc=0x0000029c87c82370 relative=0x0000000000000810
Event: 17.059 Thread 0x0000029cf0d8bca0 Uncommon trap: reason=class_check action=maybe_recompile pc=0x0000029c87c82370 method=sun.security.provider.DigestBase.engineDigest([BII)I @ 97 c2
Event: 17.059 Thread 0x0000029cf0d8bca0 DEOPT PACKING pc=0x0000029c87c82370 sp=0x000000d31b2fc4f0
Event: 17.059 Thread 0x0000029cf0d8bca0 DEOPT UNPACKING pc=0x0000029c875823a3 sp=0x000000d31b2fc4c0 mode 2
Event: 17.059 Thread 0x0000029cf0d8bca0 DEOPT PACKING pc=0x0000029c8073fa95 sp=0x000000d31b2fba20
Event: 17.059 Thread 0x0000029cf0d8bca0 DEOPT UNPACKING pc=0x0000029c87582b43 sp=0x000000d31b2faef8 mode 0
Event: 17.059 Thread 0x0000029cf0d8bca0 DEOPT PACKING pc=0x0000029c806fe503 sp=0x000000d31b2fb890
Event: 17.059 Thread 0x0000029cf0d8bca0 DEOPT UNPACKING pc=0x0000029c87582b43 sp=0x000000d31b2fad00 mode 0
Event: 17.121 Thread 0x0000029cf0d8bca0 DEOPT PACKING pc=0x0000029c80662e3a sp=0x000000d31b2f7f60
Event: 17.121 Thread 0x0000029cf0d8bca0 DEOPT UNPACKING pc=0x0000029c87582b43 sp=0x000000d31b2f7470 mode 0
Event: 17.137 Thread 0x0000029cf0d8bca0 Uncommon trap: trap_request=0xffffff45 fr.pc=0x0000029c87c11298 relative=0x0000000000000118
Event: 17.137 Thread 0x0000029cf0d8bca0 Uncommon trap: reason=unstable_if action=reinterpret pc=0x0000029c87c11298 method=jdk.internal.org.objectweb.asm.ByteVector.putInt(I)Ljdk/internal/org/objectweb/asm/ByteVector; @ 13 c2
Event: 17.137 Thread 0x0000029cf0d8bca0 DEOPT PACKING pc=0x0000029c87c11298 sp=0x000000d31b2fad50
Event: 17.137 Thread 0x0000029cf0d8bca0 DEOPT UNPACKING pc=0x0000029c875823a3 sp=0x000000d31b2face8 mode 2

Classes unloaded (1 events):
Event: 3.150 Thread 0x0000029cda042820 Unloading class 0x0000029c96001c00 'java/lang/invoke/LambdaForm$DMH+0x0000029c96001c00'

Classes redefined (1 events):
Event: 0.215 Thread 0x0000029cda042820 redefined class name=java.lang.Throwable, count=1

Internal exceptions (20 events):
Event: 8.545 Thread 0x0000029cf0d8bca0 Exception <a 'java/lang/NullPointerException'{0x000000070cee6a50}> (0x000000070cee6a50) 
thrown [s\open\src\hotspot\share\interpreter\linkResolver.cpp, line 1433]
Event: 8.556 Thread 0x0000029cf0d8bca0 Exception <a 'java/lang/NullPointerException'{0x000000070cf35af0}> (0x000000070cf35af0) 
thrown [s\open\src\hotspot\share\interpreter\linkResolver.cpp, line 1433]
Event: 8.566 Thread 0x0000029cf0d8bca0 Exception <a 'java/lang/NullPointerException'{0x000000070cf84d60}> (0x000000070cf84d60) 
thrown [s\open\src\hotspot\share\interpreter\linkResolver.cpp, line 1433]
Event: 8.583 Thread 0x0000029cf0d8bca0 Exception <a 'java/lang/NullPointerException'{0x000000070cfd4048}> (0x000000070cfd4048) 
thrown [s\open\src\hotspot\share\interpreter\linkResolver.cpp, line 1433]
Event: 8.790 Thread 0x0000029cf0d8bca0 Implicit null exception at 0x0000029c87bd8353 to 0x0000029c87bd8c68
Event: 9.485 Thread 0x0000029cf0d8bca0 Exception <a 'java/lang/NoSuchMethodError'{0x0000000718439d70}: 'long java.lang.invoke.DirectMethodHandle$Holder.invokeStatic(java.lang.Object, java.lang.Object)'> (0x0000000718439d70) 
thrown [s\open\src\hotspot\share\interpreter\linkResolver.cpp, line 759]
Event: 9.743 Thread 0x0000029cf0d8bca0 Exception <a 'java/lang/NoSuchMethodError'{0x000000070cdbc9b0}: 'int java.lang.invoke.DirectMethodHandle$Holder.invokeStatic(java.lang.Object, java.lang.Object, int)'> (0x000000070cdbc9b0) 
thrown [s\open\src\hotspot\share\interpreter\linkResolver.cpp, line 759]
Event: 9.770 Thread 0x0000029cf0d8bca0 Exception <a 'java/lang/NoSuchMethodError'{0x000000070caa7ac0}: 'void java.lang.invoke.DirectMethodHandle$Holder.invokeVirtual(java.lang.Object, java.lang.Object, java.lang.Object, java.lang.Object)'> (0x000000070caa7ac0) 
thrown [s\open\src\hotspot\share\interpreter\linkResolver.cpp, line 759]
Event: 10.622 Thread 0x0000029cf0d8bca0 Exception <a 'java/lang/NoSuchMethodError'{0x000000071843a6f8}: 'void java.lang.invoke.DirectMethodHandle$Holder.invokeStatic(java.lang.Object, java.lang.Object, java.lang.Object, java.lang.Object, java.lang.Object, java.lang.Object)'> (0x000000071843a6f8) 
thrown [s\open\src\hotspot\share\interpreter\linkResolver.cpp, line 759]
Event: 10.843 Thread 0x0000029cf0d8bca0 Exception <a 'java/lang/IncompatibleClassChangeError'{0x000000070d01b2c0}: Found class java.lang.Object, but interface was expected> (0x000000070d01b2c0) 
thrown [s\open\src\hotspot\share\interpreter\linkResolver.cpp, line 826]
Event: 10.844 Thread 0x0000029cf0d8bca0 Exception <a 'java/lang/IncompatibleClassChangeError'{0x000000070d01f350}: Found class java.lang.Object, but interface was expected> (0x000000070d01f350) 
thrown [s\open\src\hotspot\share\interpreter\linkResolver.cpp, line 826]
Event: 11.331 Thread 0x0000029cf0d8bca0 Exception <a 'java/lang/IncompatibleClassChangeError'{0x000000070d037aa0}: Found class java.lang.Object, but interface was expected> (0x000000070d037aa0) 
thrown [s\open\src\hotspot\share\interpreter\linkResolver.cpp, line 826]
Event: 11.589 Thread 0x0000029cf0d8bca0 Exception <a 'java/lang/NoSuchMethodError'{0x000000070ca41980}: 'void java.lang.invoke.DirectMethodHandle$Holder.invokeVirtual(java.lang.Object, java.lang.Object)'> (0x000000070ca41980) 
thrown [s\open\src\hotspot\share\interpreter\linkResolver.cpp, line 759]
Event: 11.596 Thread 0x0000029cf0d8bca0 Exception <a 'java/lang/NoSuchMethodError'{0x000000070ca54668}: 'java.lang.Object java.lang.invoke.DirectMethodHandle$Holder.invokeInterface(java.lang.Object, java.lang.Object, int)'> (0x000000070ca54668) 
thrown [s\open\src\hotspot\share\interpreter\linkResolver.cpp, line 759]
Event: 11.596 Thread 0x0000029cf0d8bca0 Exception <a 'java/lang/IncompatibleClassChangeError'{0x000000070ca57f68}: Found class java.lang.Object, but interface was expected> (0x000000070ca57f68) 
thrown [s\open\src\hotspot\share\interpreter\linkResolver.cpp, line 826]
Event: 15.739 Thread 0x0000029cf0d8bca0 Exception <a 'java/lang/IncompatibleClassChangeError'{0x000000070cba0d38}: Found class java.lang.Object, but interface was expected> (0x000000070cba0d38) 
thrown [s\open\src\hotspot\share\interpreter\linkResolver.cpp, line 826]
Event: 16.305 Thread 0x0000029cf0d8bca0 Implicit null exception at 0x0000029c87bda078 to 0x0000029c87bda3b4
Event: 16.363 Thread 0x0000029cf0d8bca0 Exception <a 'java/lang/NoSuchMethodError'{0x000000070d075768}: 'java.lang.Object java.lang.invoke.DirectMethodHandle$Holder.newInvokeSpecial(java.lang.Object, java.lang.Object, int, java.lang.Object, java.lang.Object)'> (0x000000070d075768) 
thrown [s\open\src\hotspot\share\interpreter\linkResolver.cpp, line 759]
Event: 16.961 Thread 0x0000029cf0d8bca0 Exception <a 'java/lang/NoSuchMethodError'{0x000000070d10d6a8}: 'java.lang.Object java.lang.invoke.DirectMethodHandle$Holder.invokeStaticInit(java.lang.Object, java.lang.Object, java.lang.Object, java.lang.Object, int, int)'> (0x000000070d10d6a8) 
thrown [s\open\src\hotspot\share\interpreter\linkResolver.cpp, line 759]
Event: 17.101 Thread 0x0000029cf0d8bca0 Exception <a 'java/lang/IncompatibleClassChangeError'{0x000000070ca1fc80}: Found class java.lang.Object, but interface was expected> (0x000000070ca1fc80) 
thrown [s\open\src\hotspot\share\interpreter\linkResolver.cpp, line 826]

VM Operations (20 events):
Event: 9.217 Executing VM operation: HandshakeAllThreads done
Event: 9.401 Executing VM operation: CollectForMetadataAllocation
Event: 9.405 Executing VM operation: CollectForMetadataAllocation done
Event: 9.417 Executing VM operation: G1Concurrent
Event: 9.426 Executing VM operation: G1Concurrent done
Event: 9.430 Executing VM operation: G1Concurrent
Event: 9.430 Executing VM operation: G1Concurrent done
Event: 10.372 Executing VM operation: G1CollectForAllocation
Event: 10.376 Executing VM operation: G1CollectForAllocation done
Event: 12.378 Executing VM operation: Cleanup
Event: 12.379 Executing VM operation: Cleanup done
Event: 13.388 Executing VM operation: Cleanup
Event: 13.388 Executing VM operation: Cleanup done
Event: 15.406 Executing VM operation: Cleanup
Event: 15.406 Executing VM operation: Cleanup done
Event: 16.113 Executing VM operation: G1CollectForAllocation
Event: 16.125 Executing VM operation: G1CollectForAllocation done
Event: 16.712 Executing VM operation: G1CollectForAllocation
Event: 16.720 Executing VM operation: G1CollectForAllocation done
Event: 17.187 Executing VM operation: G1CollectForAllocation

Events (20 events):
Event: 17.181 loading class org/hibernate/stat/internal/QueryStatisticsImpl
Event: 17.181 loading class org/hibernate/stat/internal/QueryStatisticsImpl done
Event: 17.181 loading class org/hibernate/stat/internal/DeprecatedNaturalIdCacheStatisticsImpl
Event: 17.181 loading class org/hibernate/stat/internal/DeprecatedNaturalIdCacheStatisticsImpl done
Event: 17.182 loading class org/hibernate/jmx/internal/DisabledJmxServiceImpl
Event: 17.182 loading class org/hibernate/jmx/internal/DisabledJmxServiceImpl done
Event: 17.183 loading class org/hibernate/engine/transaction/internal/TransactionImpl
Event: 17.183 loading class org/hibernate/engine/transaction/internal/TransactionImpl done
Event: 17.184 loading class org/hibernate/resource/transaction/backend/jta/internal/JtaTransactionCoordinatorImpl
Event: 17.184 loading class org/hibernate/resource/transaction/backend/jta/internal/JtaTransactionCoordinatorImpl done
Event: 17.184 loading class org/hibernate/resource/transaction/backend/jta/internal/synchronization/SynchronizationCallbackTarget
Event: 17.184 loading class org/hibernate/resource/transaction/backend/jta/internal/synchronization/SynchronizationCallbackTarget done
Event: 17.184 loading class org/hibernate/resource/transaction/backend/jdbc/internal/JdbcResourceLocalTransactionCoordinatorImpl$TransactionDriverControlImpl
Event: 17.184 loading class org/hibernate/resource/transaction/backend/jdbc/internal/JdbcResourceLocalTransactionCoordinatorImpl$TransactionDriverControlImpl done
Event: 17.185 loading class javax/persistence/RollbackException
Event: 17.185 loading class javax/persistence/RollbackException done
Event: 17.185 loading class org/hibernate/query/internal/QueryImpl
Event: 17.185 loading class org/hibernate/query/internal/QueryImpl done
Event: 17.185 loading class org/hibernate/query/internal/AbstractProducedQuery
Event: 17.185 loading class org/hibernate/query/internal/AbstractProducedQuery done


Dynamic libraries:
0x00007ff769050000 - 0x00007ff769060000 	C:\Program Files\Java\jdk-17\bin\java.exe
0x00007ffe73940000 - 0x00007ffe73ba8000 	C:\WINDOWS\SYSTEM32\ntdll.dll
0x00007ffe720e0000 - 0x00007ffe721a9000 	C:\WINDOWS\System32\KERNEL32.DLL
0x00007ffe70d40000 - 0x00007ffe71132000 	C:\WINDOWS\System32\KERNELBASE.dll
0x00007ffe712c0000 - 0x00007ffe7140b000 	C:\WINDOWS\System32\ucrtbase.dll
0x00007ffe6e230000 - 0x00007ffe6e249000 	C:\Program Files\Java\jdk-17\bin\jli.dll
0x00007ffe6a0d0000 - 0x00007ffe6a0eb000 	C:\Program Files\Java\jdk-17\bin\VCRUNTIME140.dll
0x00007ffe736a0000 - 0x00007ffe73754000 	C:\WINDOWS\System32\ADVAPI32.dll
0x00007ffe721b0000 - 0x00007ffe72259000 	C:\WINDOWS\System32\msvcrt.dll
0x00007ffe72460000 - 0x00007ffe72506000 	C:\WINDOWS\System32\sechost.dll
0x00007ffe72640000 - 0x00007ffe72758000 	C:\WINDOWS\System32\RPCRT4.dll
0x00007ffe727f0000 - 0x00007ffe729b5000 	C:\WINDOWS\System32\USER32.dll
0x00007ffe716b0000 - 0x00007ffe716d7000 	C:\WINDOWS\System32\win32u.dll
0x00007ffe732b0000 - 0x00007ffe732db000 	C:\WINDOWS\System32\GDI32.dll
0x00007ffe70c10000 - 0x00007ffe70d3d000 	C:\WINDOWS\System32\gdi32full.dll
0x00007ffe71540000 - 0x00007ffe715e3000 	C:\WINDOWS\System32\msvcp_win.dll
0x00007ffe5faf0000 - 0x00007ffe5fd83000 	C:\WINDOWS\WinSxS\amd64_microsoft.windows.common-controls_6595b64144ccf1df_6.0.26100.6899_none_3e0efeeae32e88c1\COMCTL32.dll
0x00007ffe68d30000 - 0x00007ffe68d3b000 	C:\WINDOWS\SYSTEM32\VERSION.dll
0x00007ffe732e0000 - 0x00007ffe7330f000 	C:\WINDOWS\System32\IMM32.DLL
0x00007ffe6d630000 - 0x00007ffe6d63c000 	C:\Program Files\Java\jdk-17\bin\vcruntime140_1.dll
0x00007ffe58ee0000 - 0x00007ffe58f6e000 	C:\Program Files\Java\jdk-17\bin\msvcp140.dll
0x00007ffe26010000 - 0x00007ffe26bf0000 	C:\Program Files\Java\jdk-17\bin\server\jvm.dll
0x00007ffe72450000 - 0x00007ffe72458000 	C:\WINDOWS\System32\PSAPI.DLL
0x00007ffe6a110000 - 0x00007ffe6a11a000 	C:\WINDOWS\SYSTEM32\WSOCK32.dll
0x00007ffe68cf0000 - 0x00007ffe68d25000 	C:\WINDOWS\SYSTEM32\WINMM.dll
0x00007ffe73620000 - 0x00007ffe73694000 	C:\WINDOWS\System32\WS2_32.dll
0x00007ffe6f870000 - 0x00007ffe6f88b000 	C:\WINDOWS\SYSTEM32\kernel.appcore.dll
0x00007ffe664a0000 - 0x00007ffe664aa000 	C:\Program Files\Java\jdk-17\bin\jimage.dll
0x00007ffe6e270000 - 0x00007ffe6e4b2000 	C:\WINDOWS\SYSTEM32\DBGHELP.DLL
0x00007ffe71bf0000 - 0x00007ffe71f6b000 	C:\WINDOWS\System32\combase.dll
0x00007ffe72370000 - 0x00007ffe72447000 	C:\WINDOWS\System32\OLEAUT32.dll
0x00007ffe5eca0000 - 0x00007ffe5ecdc000 	C:\WINDOWS\SYSTEM32\dbgcore.DLL
0x00007ffe71410000 - 0x00007ffe714a8000 	C:\WINDOWS\System32\bcryptPrimitives.dll
0x00007ffe66450000 - 0x00007ffe6645e000 	C:\Program Files\Java\jdk-17\bin\instrument.dll
0x00007ffe60a00000 - 0x00007ffe60a25000 	C:\Program Files\Java\jdk-17\bin\java.dll
0x00007ffe609e0000 - 0x00007ffe609f8000 	C:\Program Files\Java\jdk-17\bin\zip.dll
0x00007ffe58e00000 - 0x00007ffe58ed7000 	C:\Program Files\Java\jdk-17\bin\jsvml.dll
0x00007ffe72b60000 - 0x00007ffe732ad000 	C:\WINDOWS\System32\SHELL32.dll
0x00007ffe70aa0000 - 0x00007ffe70c0b000 	C:\WINDOWS\System32\wintypes.dll
0x00007ffe6e6d0000 - 0x00007ffe6ef2d000 	C:\WINDOWS\SYSTEM32\windows.storage.dll
0x00007ffe71fe0000 - 0x00007ffe720d2000 	C:\WINDOWS\System32\SHCORE.dll
0x00007ffe72760000 - 0x00007ffe727c2000 	C:\WINDOWS\System32\shlwapi.dll
0x00007ffe709c0000 - 0x00007ffe709e9000 	C:\WINDOWS\SYSTEM32\profapi.dll
0x00007ffe62640000 - 0x00007ffe62659000 	C:\Program Files\Java\jdk-17\bin\net.dll
0x00007ffe69c80000 - 0x00007ffe69d9f000 	C:\WINDOWS\SYSTEM32\WINHTTP.dll
0x00007ffe6fde0000 - 0x00007ffe6fe4b000 	C:\WINDOWS\system32\mswsock.dll
0x00007ffe61c70000 - 0x00007ffe61c86000 	C:\Program Files\Java\jdk-17\bin\nio.dll
0x00007ffe61850000 - 0x00007ffe61860000 	C:\Program Files\Java\jdk-17\bin\verify.dll
0x00007ffe62050000 - 0x00007ffe6205a000 	C:\Program Files\Java\jdk-17\bin\management.dll
0x00007ffe61a60000 - 0x00007ffe61a6b000 	C:\Program Files\Java\jdk-17\bin\management_ext.dll
0x00007ffe5a710000 - 0x00007ffe5a728000 	C:\WINDOWS\system32\napinsp.dll
0x00007ffe6f360000 - 0x00007ffe6f486000 	C:\WINDOWS\SYSTEM32\DNSAPI.dll
0x00007ffe6f2c0000 - 0x00007ffe6f2f4000 	C:\WINDOWS\SYSTEM32\IPHLPAPI.DLL
0x00007ffe73760000 - 0x00007ffe7376a000 	C:\WINDOWS\System32\NSI.dll
0x00007ffe58720000 - 0x00007ffe58732000 	C:\WINDOWS\System32\winrnr.dll
0x00007ffe57ac0000 - 0x00007ffe57ae8000 	C:\WINDOWS\system32\nlansp_c.dll
0x00007ffe57600000 - 0x00007ffe57616000 	C:\WINDOWS\system32\wshbth.dll
0x00007ffe6a320000 - 0x00007ffe6a32b000 	C:\Windows\System32\rasadhlp.dll
0x00007ffe6afc0000 - 0x00007ffe6b046000 	C:\WINDOWS\System32\fwpuclnt.dll
0x00007ffe70090000 - 0x00007ffe700ab000 	C:\WINDOWS\SYSTEM32\CRYPTSP.dll
0x00007ffe6f7d0000 - 0x00007ffe6f80b000 	C:\WINDOWS\system32\rsaenh.dll
0x00007ffe6fe80000 - 0x00007ffe6feab000 	C:\WINDOWS\SYSTEM32\USERENV.dll
0x00007ffe70990000 - 0x00007ffe709b6000 	C:\WINDOWS\SYSTEM32\bcrypt.dll
0x00007ffe700b0000 - 0x00007ffe700bc000 	C:\WINDOWS\SYSTEM32\CRYPTBASE.dll
0x00007ffe6adc0000 - 0x00007ffe6adde000 	C:\WINDOWS\SYSTEM32\dhcpcsvc6.DLL
0x00007ffe6ab80000 - 0x00007ffe6aba3000 	C:\WINDOWS\SYSTEM32\dhcpcsvc.DLL
0x00007ffe66490000 - 0x00007ffe6649e000 	C:\Program Files\Java\jdk-17\bin\sunmscapi.dll
0x00007ffe71140000 - 0x00007ffe712b7000 	C:\WINDOWS\System32\CRYPT32.dll
0x00007ffe70320000 - 0x00007ffe70350000 	C:\WINDOWS\SYSTEM32\ncrypt.dll
0x00007ffe702d0000 - 0x00007ffe7030f000 	C:\WINDOWS\SYSTEM32\NTASN1.dll

dbghelp: loaded successfully - version: 4.0.5 - missing functions: none
symbol engine: initialized successfully - sym options: 0x614 - pdb path: .;C:\Program Files\Java\jdk-17\bin;C:\WINDOWS\SYSTEM32;C:\WINDOWS\WinSxS\amd64_microsoft.windows.common-controls_6595b64144ccf1df_6.0.26100.6899_none_3e0efeeae32e88c1;C:\Program Files\Java\jdk-17\bin\server

VM Arguments:
jvm_args: -javaagent:C:\Users\mamro\AppData\Local\JetBrains\IdeaIC2025.1\captureAgent\debugger-agent.jar=file:///C:/Users/mamro/AppData/Local/Temp/capture9867643890261157438.props -ea -Didea.test.cyclic.buffer.size=1048576 -javaagent:C:\Program Files\JetBrains\IntelliJ IDEA Community Edition 2025.1.3\lib\idea_rt.jar=61513 -Dkotlinx.coroutines.debug.enable.creation.stack.trace=false -Ddebugger.agent.enable.coroutines=true -Dkotlinx.coroutines.debug.enable.flows.stack.trace=true -Dkotlinx.coroutines.debug.enable.mutable.state.flows.stack.trace=true -Dfile.encoding=UTF-8 
java_command: com.intellij.rt.junit.JUnitStarter -ideVersion5 -junit5 @w@C:\Users\mamro\AppData\Local\Temp\idea_working_dirs_junit.tmp @C:\Users\mamro\AppData\Local\Temp\idea_junit.tmp -socket61512
java_class_path (initial): C:\Users\mamro\.m2\repository\org\junit\platform\junit-platform-launcher\1.10.2\junit-platform-launcher-1.10.2.jar;C:\Users\mamro\.m2\repository\org\junit\vintage\junit-vintage-engine\5.10.2\junit-vintage-engine-5.10.2.jar;C:\Program Files\JetBrains\IntelliJ IDEA Community Edition 2025.1.3\lib\idea_rt.jar;C:\Program Files\JetBrains\IntelliJ IDEA Community Edition 2025.1.3\plugins\junit\lib\junit5-rt.jar;C:\Program Files\JetBrains\IntelliJ IDEA Community Edition 2025.1.3\plugins\junit\lib\junit-rt.jar;C:\Users\mamro\IdeaProjects\user-service\target\test-classes;C:\Users\mamro\IdeaProjects\user-service\target\classes;C:\Users\mamro\.m2\repository\org\hibernate\hibernate-core\5.6.15.Final\hibernate-core-5.6.15.Final.jar;C:\Users\mamro\.m2\repository\org\jboss\logging\jboss-logging\3.4.3.Final\jboss-logging-3.4.3.Final.jar;C:\Users\mamro\.m2\repository\net\bytebuddy\byte-buddy\1.12.18\byte-buddy-1.12.18.jar;C:\Users\mamro\.m2\repository\antlr\antlr\2.7.7\antlr-2.7.7.jar;C:\Users\mamro\.m2\repository\org\jboss\spec\javax\transaction\jboss-transaction-api_1.2_spec\1.1.1.Final\jboss-transaction-api_1.2_spec-1.1.1.Final.jar;C:\Users\mamro\.m2\repository\org\jboss\jandex\2.4.2.Final\jandex-2.4.2.Final.jar;C:\Users\mamro\.m2\repository\com\fasterxml\classmate\1.5.1\classmate-1.5.1.jar;C:\Users\mamro\.m2\repository\javax\activation\javax.activation-api\1.2.0\javax.activation-api-1.2.0.jar;C:\Users\mamro\.m2\repository\org\hibernate\common\hibernate-commons-annotations\5.1.2.Final\hibernate-commons-annotations-5.1.2.Final.jar;C:\Users\mamro\.m2\repository\javax\xml\bind\jaxb-api\2.3.1\jaxb-api-2.3.1.jar;C:\Users\mamro\.m2\repository\org\glassfish\jaxb\jaxb-runtime\2.3.1\jaxb-runtime-2.3.1.jar;C:\Users\mamro\.m2\repository\org\glassfish\jaxb\txw2\2.3.1\txw2-2.3.1.jar;C:\Users\mamro\.m2\repository\com\sun\istack\istack-commons-runtime\3.0.7\istack-commons-runtime-3.0.7.jar;C:\Users\mamro\.m2\repository\org\jvnet\staxex\stax-ex\1.8\stax-ex-1.8.jar;C:\U
Launcher Type: SUN_STANDARD

[Global flags]
     intx CICompilerCount                          = 4                                         {product} {ergonomic}
     uint ConcGCThreads                            = 3                                         {product} {ergonomic}
     uint G1ConcRefinementThreads                  = 10                                        {product} {ergonomic}
   size_t G1HeapRegionSize                         = 2097152                                   {product} {ergonomic}
    uintx GCDrainStackTargetSize                   = 64                                        {product} {ergonomic}
   size_t InitialHeapSize                          = 257949696                                 {product} {ergonomic}
   size_t MarkStackSize                            = 4194304                                   {product} {ergonomic}
   size_t MaxHeapSize                              = 4118806528                                {product} {ergonomic}
   size_t MaxNewSize                               = 2470445056                                {product} {ergonomic}
   size_t MinHeapDeltaBytes                        = 2097152                                   {product} {ergonomic}
   size_t MinHeapSize                              = 8388608                                   {product} {ergonomic}
    uintx NonNMethodCodeHeapSize                   = 5839372                                {pd product} {ergonomic}
    uintx NonProfiledCodeHeapSize                  = 122909434                              {pd product} {ergonomic}
    uintx ProfiledCodeHeapSize                     = 122909434                              {pd product} {ergonomic}
    uintx ReservedCodeCacheSize                    = 251658240                              {pd product} {ergonomic}
     bool SegmentedCodeCache                       = true                                      {product} {ergonomic}
   size_t SoftMaxHeapSize                          = 4118806528                             {manageable} {ergonomic}
     bool UseCompressedClassPointers               = true                           {product lp64_product} {ergonomic}
     bool UseCompressedOops                        = true                           {product lp64_product} {ergonomic}
     bool UseG1GC                                  = true                                      {product} {ergonomic}
     bool UseLargePagesIndividualAllocation        = false                                  {pd product} {ergonomic}

Logging:
Log output configuration:
 #0: stdout all=warning uptime,level,tags
 #1: stderr all=off uptime,level,tags

Environment Variables:
PATH=C:\ProgramData\Oracle\Java\javapath;C:\Program Files\Common Files\Oracle\Java\javapath;C:\WINDOWS\system32;C:\WINDOWS;C:\WINDOWS\System32\Wbem;C:\WINDOWS\System32\WindowsPowerShell\v1.0\;C:\WINDOWS\System32\OpenSSH\;C:\Program Files\dotnet\;C:\Program Files (x86)\dotnet\;C:\chromedriver;C:\Program Files\Microsoft SQL Server\150\Tools\Binn\;C:\Program Files\Microsoft SQL Server\Client SDK\ODBC\170\Tools\Binn\;C:\Program Files\Git\cmd;d:\devtools\maven\bin;C:\Program Files\TortoiseGit\bin;C:\Program Files\nodejs\;C:\Program Files\Docker\Docker\resources\bin;C:\Program Files\MySQL\MySQL Shell 8.0\bin\;C:\Users\mamro\AppData\Local\Microsoft\WindowsApps;C:\Program Files\JetBrains\PyCharm Community Edition 2022.3.3\bin;;C:\Program Files\JetBrains\IntelliJ IDEA Community Edition 2025.1.3\bin;;C:\Users\mamro\AppData\Local\Programs\Microsoft VS Code\bin;C:\Users\mamro\.dotnet\tools;d:\devtools\maven\bin;C:\Users\mamro\AppData\Roaming\npm;
USERNAME=mamro
OS=Windows_NT
PROCESSOR_IDENTIFIER=AMD64 Family 23 Model 104 Stepping 1, AuthenticAMD



---------------  S Y S T E M  ---------------

OS:
 Windows 11 , 64 bit Build 26100 (10.0.26100.6725)
OS uptime: 2 days 1:42 hours
Hyper-V role detected

CPU: total 12 (initial active 12) (12 cores per cpu, 2 threads per core) family 23 model 104 stepping 1 microcode 0x8608103, cx8, cmov, fxsr, ht, mmx, 3dnowpref, sse, sse2, sse3, ssse3, sse4a, sse4.1, sse4.2, popcnt, lzcnt, tsc, tscinvbit, avx, avx2, aes, clmul, bmi1, bmi2, adx, sha, fma, vzeroupper, clflush, clflushopt, hv

Memory: 4k page, system-wide physical 15706M (1436M free)
TotalPageFile size 18706M (AvailPageFile size 26M)
current process WorkingSet (physical memory assigned to process): 229M, peak: 229M
current process commit charge ("private bytes"): 269M, peak: 398M

vm_info: Java HotSpot(TM) 64-Bit Server VM (17.0.12+8-LTS-286) for windows-amd64 JRE (17.0.12+8-LTS-286), built on Jun  5 2024 06:46:59 by "mach5one" with MS VC++ 17.6 (VS2022)

END.
