#
# There is insufficient memory for the Java Runtime Environment to continue.
# Native memory allocation (mmap) failed to map 257949696 bytes for G1 virtual space
# Possible reasons:
#   The system is out of physical RAM or swap space
#   The process is running with CompressedOops enabled, and the Java Heap may be blocking the growth of the native heap
# Possible solutions:
#   Reduce memory load on the system
#   Increase physical memory or swap space
#   Check if swap backing store is full
#   Decrease Java heap size (-Xmx/-Xms)
#   Decrease number of Java threads
#   Decrease Java thread stack sizes (-Xss)
#   Set larger code cache with -XX:ReservedCodeCacheSize=
#   JVM is running with Zero Based Compressed Oops mode in which the Java heap is
#     placed in the first 32GB address space. The Java Heap base address is the
#     maximum limit for the native heap growth. Please use -XX:HeapBaseMinAddress
#     to set the Java Heap base and to place the Java Heap above 32GB virtual address.
# This output file may be truncated or incomplete.
#
#  Out of Memory Error (os_windows.cpp:3548), pid=20456, tid=6760
#
# JRE version:  (17.0.12+8) (build )
# Java VM: Java HotSpot(TM) 64-Bit Server VM (17.0.12+8-LTS-286, mixed mode, sharing, tiered, compressed oops, compressed class ptrs, g1 gc, windows-amd64)
# No core dump will be written. Minidumps are not enabled by default on client versions of Windows
#

---------------  S U M M A R Y ------------

Command Line: -Dnet.bytebuddy.agent.attacher.dump= net.bytebuddy.agent.Attacher com.sun.tools.attach.VirtualMachine 13372 C:\Users\mamro\.m2\repository\net\bytebuddy\byte-buddy-agent\1.14.6\byte-buddy-agent-1.14.6.jar false 

Host: AMD Ryzen 5 5500U with Radeon Graphics         , 12 cores, 15G,  Windows 11 , 64 bit Build 26100 (10.0.26100.6725)
Time: Sun Oct 19 21:50:36 2025 RTZ 2 (s 11 , 64 bit Build 26100 (10.0.26100.6725) elapsed time: 2.044151 seconds (0d 0h 0m 2s)

---------------  T H R E A D  ---------------

Current thread (0x0000018477bad130):  JavaThread "Unknown thread" [_thread_in_vm, id=6760, stack(0x0000000f37700000,0x0000000f37800000)]

Stack: [0x0000000f37700000,0x0000000f37800000]
Native frames: (J=compiled Java code, j=interpreted, Vv=VM code, C=native code)
V  [jvm.dll+0x67a04a]
V  [jvm.dll+0x7da4ed]
V  [jvm.dll+0x7dbe33]
V  [jvm.dll+0x7dc4a3]
V  [jvm.dll+0x24508f]
V  [jvm.dll+0x677089]
V  [jvm.dll+0x66bd32]
V  [jvm.dll+0x301fa6]
V  [jvm.dll+0x309546]
V  [jvm.dll+0x359d2e]
V  [jvm.dll+0x359f5f]
V  [jvm.dll+0x2d9078]
V  [jvm.dll+0x2d9fe4]
V  [jvm.dll+0x7aca21]
V  [jvm.dll+0x367591]
V  [jvm.dll+0x78b999]
V  [jvm.dll+0x3ec83f]
V  [jvm.dll+0x3ee471]
C  [jli.dll+0x5297]
C  [ucrtbase.dll+0x37b0]
C  [KERNEL32.DLL+0x2e8d7]
C  [ntdll.dll+0x8c53c]


---------------  P R O C E S S  ---------------

Threads class SMR info:
_java_thread_list=0x00007ffe26ac7a18, length=0, elements={
}

Java Threads: ( => current thread )

Other Threads:
  0x0000018477c14bb0 GCTaskThread "GC Thread#0" [stack: 0x0000000f37800000,0x0000000f37900000] [id=6044]
  0x0000018477c25080 ConcurrentGCThread "G1 Main Marker" [stack: 0x0000000f37900000,0x0000000f37a00000] [id=1000]
  0x0000018477c27770 ConcurrentGCThread "G1 Conc#0" [stack: 0x0000000f37a00000,0x0000000f37b00000] [id=3844]

[error occurred during error reporting (printing all threads), id 0xc0000005, EXCEPTION_ACCESS_VIOLATION (0xc0000005) at pc=0x00007ffe262f9b67]

VM state: not at safepoint (not fully initialized)

VM Mutex/Monitor currently owned by a thread:  ([mutex/lock_event])
[0x0000018477ba8f90] Heap_lock - owner thread: 0x0000018477bad130

Heap address: 0x000000070a800000, size: 3928 MB, Compressed Oops mode: Zero based, Oop shift amount: 3

CDS archive(s) mapped at: [0x0000000000000000-0x0000000000000000-0x0000000000000000), size 0, SharedBaseAddress: 0x0000000800000000, ArchiveRelocationMode: 1.
Narrow klass base: 0x0000000000000000, Narrow klass shift: 0, Narrow klass range: 0x0

GC Precious Log:
<Empty>

Heap:
 garbage-first heap   total 0K, used 0K [0x000000070a800000, 0x0000000800000000)
  region size 2048K, 0 young (0K), 0 survivors (0K)

[error occurred during error reporting (printing heap information), id 0xc0000005, EXCEPTION_ACCESS_VIOLATION (0xc0000005) at pc=0x00007ffe266e3859]

GC Heap History (0 events):
No events

Deoptimization events (0 events):
No events

Classes unloaded (0 events):
No events

Classes redefined (0 events):
No events

Internal exceptions (0 events):
No events

VM Operations (0 events):
No events

Events (1 events):
Event: 0.014 Loaded shared library C:\Program Files\Java\jdk-17\bin\java.dll


Dynamic libraries:
0x00007ff769050000 - 0x00007ff769060000 	C:\Program Files\Java\jdk-17\bin\java.exe
0x00007ffe73940000 - 0x00007ffe73ba8000 	C:\WINDOWS\SYSTEM32\ntdll.dll
0x00007ffe720e0000 - 0x00007ffe721a9000 	C:\WINDOWS\System32\KERNEL32.DLL
0x00007ffe70d40000 - 0x00007ffe71132000 	C:\WINDOWS\System32\KERNELBASE.dll
0x00007ffe712c0000 - 0x00007ffe7140b000 	C:\WINDOWS\System32\ucrtbase.dll
0x00007ffe6e230000 - 0x00007ffe6e249000 	C:\Program Files\Java\jdk-17\bin\jli.dll
0x00007ffe6a0d0000 - 0x00007ffe6a0eb000 	C:\Program Files\Java\jdk-17\bin\VCRUNTIME140.dll
0x00007ffe736a0000 - 0x00007ffe73754000 	C:\WINDOWS\System32\ADVAPI32.dll
0x00007ffe721b0000 - 0x00007ffe72259000 	C:\WINDOWS\System32\msvcrt.dll
0x00007ffe72460000 - 0x00007ffe72506000 	C:\WINDOWS\System32\sechost.dll
0x00007ffe72640000 - 0x00007ffe72758000 	C:\WINDOWS\System32\RPCRT4.dll
0x00007ffe727f0000 - 0x00007ffe729b5000 	C:\WINDOWS\System32\USER32.dll
0x00007ffe716b0000 - 0x00007ffe716d7000 	C:\WINDOWS\System32\win32u.dll
0x00007ffe5faf0000 - 0x00007ffe5fd83000 	C:\WINDOWS\WinSxS\amd64_microsoft.windows.common-controls_6595b64144ccf1df_6.0.26100.6899_none_3e0efeeae32e88c1\COMCTL32.dll
0x00007ffe732b0000 - 0x00007ffe732db000 	C:\WINDOWS\System32\GDI32.dll
0x00007ffe70c10000 - 0x00007ffe70d3d000 	C:\WINDOWS\System32\gdi32full.dll
0x00007ffe71540000 - 0x00007ffe715e3000 	C:\WINDOWS\System32\msvcp_win.dll
0x00007ffe68d30000 - 0x00007ffe68d3b000 	C:\WINDOWS\SYSTEM32\VERSION.dll
0x00007ffe732e0000 - 0x00007ffe7330f000 	C:\WINDOWS\System32\IMM32.DLL
0x00007ffe6d630000 - 0x00007ffe6d63c000 	C:\Program Files\Java\jdk-17\bin\vcruntime140_1.dll
0x00007ffe58ee0000 - 0x00007ffe58f6e000 	C:\Program Files\Java\jdk-17\bin\msvcp140.dll
0x00007ffe26010000 - 0x00007ffe26bf0000 	C:\Program Files\Java\jdk-17\bin\server\jvm.dll
0x00007ffe72450000 - 0x00007ffe72458000 	C:\WINDOWS\System32\PSAPI.DLL
0x00007ffe6a110000 - 0x00007ffe6a11a000 	C:\WINDOWS\SYSTEM32\WSOCK32.dll
0x00007ffe68cf0000 - 0x00007ffe68d25000 	C:\WINDOWS\SYSTEM32\WINMM.dll
0x00007ffe73620000 - 0x00007ffe73694000 	C:\WINDOWS\System32\WS2_32.dll
0x00007ffe6f870000 - 0x00007ffe6f88b000 	C:\WINDOWS\SYSTEM32\kernel.appcore.dll
0x00007ffe664a0000 - 0x00007ffe664aa000 	C:\Program Files\Java\jdk-17\bin\jimage.dll
0x00007ffe6e270000 - 0x00007ffe6e4b2000 	C:\WINDOWS\SYSTEM32\DBGHELP.DLL
0x00007ffe71bf0000 - 0x00007ffe71f6b000 	C:\WINDOWS\System32\combase.dll
0x00007ffe72370000 - 0x00007ffe72447000 	C:\WINDOWS\System32\OLEAUT32.dll
0x00007ffe5eca0000 - 0x00007ffe5ecdc000 	C:\WINDOWS\SYSTEM32\dbgcore.DLL
0x00007ffe71410000 - 0x00007ffe714a8000 	C:\WINDOWS\System32\bcryptPrimitives.dll
0x00007ffe60a00000 - 0x00007ffe60a25000 	C:\Program Files\Java\jdk-17\bin\java.dll

dbghelp: loaded successfully - version: 4.0.5 - missing functions: none
symbol engine: initialized successfully - sym options: 0x614 - pdb path: .;C:\Program Files\Java\jdk-17\bin;C:\WINDOWS\SYSTEM32;C:\WINDOWS\WinSxS\amd64_microsoft.windows.common-controls_6595b64144ccf1df_6.0.26100.6899_none_3e0efeeae32e88c1;C:\Program Files\Java\jdk-17\bin\server

VM Arguments:
jvm_args: -Dnet.bytebuddy.agent.attacher.dump= 
java_command: net.bytebuddy.agent.Attacher com.sun.tools.attach.VirtualMachine 13372 C:\Users\mamro\.m2\repository\net\bytebuddy\byte-buddy-agent\1.14.6\byte-buddy-agent-1.14.6.jar false 
java_class_path (initial): C:\Users\mamro\.m2\repository\net\bytebuddy\byte-buddy-agent\1.14.6\byte-buddy-agent-1.14.6.jar
Launcher Type: SUN_STANDARD

[Global flags]
     intx CICompilerCount                          = 4                                         {product} {ergonomic}
     uint ConcGCThreads                            = 3                                         {product} {ergonomic}
     uint G1ConcRefinementThreads                  = 10                                        {product} {ergonomic}
   size_t G1HeapRegionSize                         = 2097152                                   {product} {ergonomic}
    uintx GCDrainStackTargetSize                   = 64                                        {product} {ergonomic}
   size_t InitialHeapSize                          = 257949696                                 {product} {ergonomic}
   size_t MarkStackSize                            = 4194304                                   {product} {ergonomic}
   size_t MaxHeapSize                              = 4118806528                                {product} {ergonomic}
   size_t MinHeapDeltaBytes                        = 2097152                                   {product} {ergonomic}
   size_t MinHeapSize                              = 8388608                                   {product} {ergonomic}
    uintx NonNMethodCodeHeapSize                   = 5839372                                {pd product} {ergonomic}
    uintx NonProfiledCodeHeapSize                  = 122909434                              {pd product} {ergonomic}
    uintx ProfiledCodeHeapSize                     = 122909434                              {pd product} {ergonomic}
    uintx ReservedCodeCacheSize                    = 251658240                              {pd product} {ergonomic}
     bool SegmentedCodeCache                       = true                                      {product} {ergonomic}
   size_t SoftMaxHeapSize                          = 4118806528                             {manageable} {ergonomic}
     bool UseCompressedClassPointers               = true                           {product lp64_product} {ergonomic}
     bool UseCompressedOops                        = true                           {product lp64_product} {ergonomic}
     bool UseG1GC                                  = true                                      {product} {ergonomic}
     bool UseLargePagesIndividualAllocation        = false                                  {pd product} {ergonomic}

Logging:
Log output configuration:
 #0: stdout all=warning uptime,level,tags
 #1: stderr all=off uptime,level,tags

Environment Variables:
PATH=C:\ProgramData\Oracle\Java\javapath;C:\Program Files\Common Files\Oracle\Java\javapath;C:\WINDOWS\system32;C:\WINDOWS;C:\WINDOWS\System32\Wbem;C:\WINDOWS\System32\WindowsPowerShell\v1.0\;C:\WINDOWS\System32\OpenSSH\;C:\Program Files\dotnet\;C:\Program Files (x86)\dotnet\;C:\chromedriver;C:\Program Files\Microsoft SQL Server\150\Tools\Binn\;C:\Program Files\Microsoft SQL Server\Client SDK\ODBC\170\Tools\Binn\;C:\Program Files\Git\cmd;d:\devtools\maven\bin;C:\Program Files\TortoiseGit\bin;C:\Program Files\nodejs\;C:\Program Files\Docker\Docker\resources\bin;C:\Program Files\MySQL\MySQL Shell 8.0\bin\;C:\Users\mamro\AppData\Local\Microsoft\WindowsApps;C:\Program Files\JetBrains\PyCharm Community Edition 2022.3.3\bin;;C:\Program Files\JetBrains\IntelliJ IDEA Community Edition 2025.1.3\bin;;C:\Users\mamro\AppData\Local\Programs\Microsoft VS Code\bin;C:\Users\mamro\.dotnet\tools;d:\devtools\maven\bin;C:\Users\mamro\AppData\Roaming\npm;
USERNAME=mamro
OS=Windows_NT
PROCESSOR_IDENTIFIER=AMD64 Family 23 Model 104 Stepping 1, AuthenticAMD



---------------  S Y S T E M  ---------------

OS:
 Windows 11 , 64 bit Build 26100 (10.0.26100.6725)
OS uptime: 2 days 1:42 hours
Hyper-V role detected

CPU: total 12 (initial active 12) (12 cores per cpu, 2 threads per core) family 23 model 104 stepping 1 microcode 0x8608103, cx8, cmov, fxsr, ht, mmx, 3dnowpref, sse, sse2, sse3, ssse3, sse4a, sse4.1, sse4.2, popcnt, lzcnt, tsc, tscinvbit, avx, avx2, aes, clmul, bmi1, bmi2, adx, sha, fma, vzeroupper, clflush, clflushopt, hv

Memory: 4k page, system-wide physical 15706M (1598M free)
TotalPageFile size 18706M (AvailPageFile size 195M)
current process WorkingSet (physical memory assigned to process): 12M, peak: 12M
current process commit charge ("private bytes"): 64M, peak: 310M

vm_info: Java HotSpot(TM) 64-Bit Server VM (17.0.12+8-LTS-286) for windows-amd64 JRE (17.0.12+8-LTS-286), built on Jun  5 2024 06:46:59 by "mach5one" with MS VC++ 17.6 (VS2022)

END.
